C:\Users\harold.noble\Desktop\RIC\app\frontend\src\routes\+error.svelte
C:\Users\harold.noble\Desktop\RIC\app\frontend\src\routes\+layout.js
C:\Users\harold.noble\Desktop\RIC\app\frontend\src\routes\+layout.svelte
C:\Users\harold.noble\Desktop\RIC\app\frontend\src\routes\(app)\+layout.svelte
C:\Users\harold.noble\Desktop\RIC\app\frontend\src\routes\(app)\+page.svelte
C:\Users\harold.noble\Desktop\RIC\app\frontend\src\routes\(app)\admin\+layout.svelte
C:\Users\harold.noble\Desktop\RIC\app\frontend\src\routes\(app)\admin\+page.svelte
C:\Users\harold.noble\Desktop\RIC\app\frontend\src\routes\(app)\admin\evaluations\+page.svelte
C:\Users\harold.noble\Desktop\RIC\app\frontend\src\routes\(app)\admin\functions\+page.svelte
C:\Users\harold.noble\Desktop\RIC\app\frontend\src\routes\(app)\admin\functions\create\+page.svelte
C:\Users\harold.noble\Desktop\RIC\app\frontend\src\routes\(app)\admin\functions\edit\+page.svelte
C:\Users\harold.noble\Desktop\RIC\app\frontend\src\routes\(app)\admin\settings\+page.svelte
C:\Users\harold.noble\Desktop\RIC\app\frontend\src\routes\(app)\admin\users\+page.svelte
C:\Users\harold.noble\Desktop\RIC\app\frontend\src\routes\(app)\c\[id]\+page.svelte
C:\Users\harold.noble\Desktop\RIC\app\frontend\src\routes\(app)\workspace\+layout.svelte
C:\Users\harold.noble\Desktop\RIC\app\frontend\src\routes\(app)\workspace\+page.svelte
C:\Users\harold.noble\Desktop\RIC\app\frontend\src\routes\(app)\workspace\functions\create\+page.svelte
C:\Users\harold.noble\Desktop\RIC\app\frontend\src\routes\(app)\workspace\knowledge\+page.svelte
C:\Users\harold.noble\Desktop\RIC\app\frontend\src\routes\(app)\workspace\knowledge\create\+page.svelte
C:\Users\harold.noble\Desktop\RIC\app\frontend\src\routes\(app)\workspace\knowledge\[id]\+page.svelte
C:\Users\harold.noble\Desktop\RIC\app\frontend\src\routes\(app)\workspace\models\+page.svelte
C:\Users\harold.noble\Desktop\RIC\app\frontend\src\routes\(app)\workspace\models\create\+page.svelte
C:\Users\harold.noble\Desktop\RIC\app\frontend\src\routes\(app)\workspace\models\edit\+page.svelte
C:\Users\harold.noble\Desktop\RIC\app\frontend\src\routes\(app)\workspace\prompts\+page.svelte
C:\Users\harold.noble\Desktop\RIC\app\frontend\src\routes\(app)\workspace\prompts\create\+page.svelte
C:\Users\harold.noble\Desktop\RIC\app\frontend\src\routes\(app)\workspace\prompts\edit\+page.svelte
C:\Users\harold.noble\Desktop\RIC\app\frontend\src\routes\(app)\workspace\tools\+page.svelte
C:\Users\harold.noble\Desktop\RIC\app\frontend\src\routes\(app)\workspace\tools\create\+page.svelte
C:\Users\harold.noble\Desktop\RIC\app\frontend\src\routes\(app)\workspace\tools\edit\+page.svelte
C:\Users\harold.noble\Desktop\RIC\app\frontend\src\routes\auth\+page.svelte
C:\Users\harold.noble\Desktop\RIC\app\frontend\src\routes\error\+page.svelte
C:\Users\harold.noble\Desktop\RIC\app\frontend\src\routes\s\[id]\+page.svelte
C:\Users\harold.noble\Desktop\RIC\app\frontend\src\routes\watch\+page.svelte
C:\Users\harold.noble\Desktop\RIC\app\frontend\src\lib\pyodide\pyodideKernel.ts
C:\Users\harold.noble\Desktop\RIC\app\frontend\src\lib\pyodide\pyodideKernel.worker.ts
C:\Users\harold.noble\Desktop\RIC\app\frontend\src\lib\stores\index.ts
C:\Users\harold.noble\Desktop\RIC\app\frontend\src\lib\types\index.ts
C:\Users\harold.noble\Desktop\RIC\app\frontend\src\lib\utils\google-drive-picker.ts
C:\Users\harold.noble\Desktop\RIC\app\frontend\src\lib\utils\index.ts
C:\Users\harold.noble\Desktop\RIC\app\frontend\src\lib\utils\onedrive-file-picker.ts
C:\Users\harold.noble\Desktop\RIC\app\frontend\src\lib\utils\_template_old.ts
C:\Users\harold.noble\Desktop\RIC\app\frontend\src\lib\utils\characters\index.ts
C:\Users\harold.noble\Desktop\RIC\app\frontend\src\lib\utils\marked\extension.ts
C:\Users\harold.noble\Desktop\RIC\app\frontend\src\lib\utils\marked\katex-extension.ts
C:\Users\harold.noble\Desktop\RIC\app\frontend\src\lib\utils\rag\index.ts
C:\Users\harold.noble\Desktop\RIC\app\frontend\src\lib\utils\transitions\index.ts
C:\Users\harold.noble\Desktop\RIC\app\frontend\src\lib\workers\kokoro.worker.ts
C:\Users\harold.noble\Desktop\RIC\app\frontend\src\lib\workers\KokoroWorker.ts
C:\Users\harold.noble\Desktop\RIC\app\frontend\src\lib\workers\pyodide.worker.ts
